user@machine:~/Documents/Repos/GH/Spp/spp_leetcode/prblm/prblm_000001/prgmmng-lang_c$ ./build.sh

This is a build shell script


Files in Current Dirtectory:.

build  build.sh  main.c  README.md  run.sh

End of shell script

user@machine:~/Documents/Repos/GH/Spp/spp_leetcode/prblm/prblm_000001/prgmmng-lang_c$ ./run.sh

This is a shell script to run the target program


Files in Current Dirtectory:.


build  build.sh  main.c  README.md  run.sh

Running Target Program:



----------------------------------------
Program Initialised.
----------------------------------------



Test Case 1


Input Data

Test Case Input Array:  [ 2, 7, 11, 15 ]

Test Case Number Array Element Length:  4

Test Case Target Sum:   9

Test Case Sum Array Element Length:     2

Output Data

Test Case Output Array: [ 0, 1 ]



----------------------------------------
Program Complete.
Terminating Program...
----------------------------------------



Finished Running Target Program:


End of shell script

user@machine:~/Documents/Repos/GH/Spp/spp_leetcode/prblm/prblm_000001/prgmmng-lang_c$